Arguments: 
  C:\Program Files\nodejs\node.exe C:\Users\deuzi\AppData\Roaming\npm\node_modules\yarn\bin\yarn.js install --offline

PATH: 
  C:\Program Files (x86)\Common Files\Oracle\Java\javapath;C:\Python39\Scripts\;C:\Python39\;C:\WINDOWS\system32;C:\WINDOWS;C:\WINDOWS\System32\Wbem;C:\WINDOWS\System32\WindowsPowerShell\v1.0\;C:\Program Files\nodejs\;C:\ProgramData\chocolatey\bin;C:\Program Files\Git\cmd;C:\Program Files\PuTTY\;C:\WINDOWS\System32\OpenSSH\;C:\xampp\php;C:\ProgramData\ComposerSetup\bin;C:\Users\deuzi\AppData\Local\Microsoft\WindowsApps;C:\Users\deuzi\AppData\Roaming\npm;C:\Users\deuzi\AppData\Local\Programs\Microsoft VS Code\bin;C:\Program Files\heroku\bin;C:\Users\deuzi\AppData\Roaming\Composer\vendor\bin;C:\Program Files\OpenSSL-Win64\bin;C:\Users\deuzi\AppData\Local\Programs\mongosh\;C:\Program Files\MongoDB\Server\5.0\bin;C:\Program Files\MongoDB\Tools\100\bin;

Yarn version: 
  1.22.10

Node version: 
  14.17.1

Platform: 
  win32 x64

Trace: 
  Invariant Violation: There should only be one folder in a package cache (got object-assign,object.assign in C:\Users\deuzi\AppData\Local\Yarn\Cache\v6\npm-object-assign-4.1.1-integrity\node_modules)
      at invariant (C:\Users\deuzi\AppData\Roaming\npm\node_modules\yarn\lib\cli.js:2314:15)
      at C:\Users\deuzi\AppData\Roaming\npm\node_modules\yarn\lib\cli.js:60674:7
      at Generator.next (<anonymous>)
      at step (C:\Users\deuzi\AppData\Roaming\npm\node_modules\yarn\lib\cli.js:310:30)
      at C:\Users\deuzi\AppData\Roaming\npm\node_modules\yarn\lib\cli.js:321:13

npm manifest: 
  {
    "main": "node_modules/expo/AppEntry.js",
    "scripts": {
      "start": "expo start",
      "android": "expo start --android",
      "ios": "expo start --ios",
      "web": "expo start --web",
      "eject": "expo eject",
      "test": "jest --watchAll"
    },
    "jest": {
      "preset": "jest-expo"
    },
    "dependencies": {
      "@expo/vector-icons": "^12.0.0",
      "@react-navigation/bottom-tabs": "^6.0.5",
      "@react-navigation/native": "^6.0.2",
      "@react-navigation/native-stack": "^6.1.0",
      "expo": "~43.0.2",
      "expo-asset": "~8.4.3",
      "expo-constants": "~12.1.3",
      "expo-font": "~10.0.3",
      "expo-linking": "~2.4.2",
      "expo-splash-screen": "~0.13.5",
      "expo-status-bar": "~1.1.0",
      "expo-web-browser": "~10.0.3",
      "react": "17.0.1",
      "react-dom": "17.0.1",
      "react-native": "0.64.3",
      "react-native-safe-area-context": "3.3.2",
      "react-native-screens": "~3.8.0",
      "react-native-web": "0.17.1"
    },
    "devDependencies": {
      "@babel/core": "^7.12.9",
      "@types/react": "~17.0.21",
      "@types/react-native": "~0.64.12",
      "jest-expo": "~43.0.0",
      "typescript": "~4.3.5"
    },
    "private": true
  }

yarn manifest: 
  No manifest

Lockfile: 
  No lockfile
